----------------------------------------------------------------
2011-10-07 21:37:43.488 GMT:
 Booting Derby version The Apache Software Foundation - Apache Derby - 10.5.3.0 - (802917): instance a816c00e-0132-e052-01aa-0000022ba438
on database directory /Users/mrhyde/Code/clojure/wolfskin/repository/repository/version/db  

Database Class Loader started - derby.database.classpath=''
----------------------------------------------------------------
2011-10-07 21:37:44.544 GMT:
 Booting Derby version The Apache Software Foundation - Apache Derby - 10.5.3.0 - (802917): instance 888c4022-0132-e052-01aa-0000022ba438
on database directory /Users/mrhyde/Code/clojure/wolfskin/repository/repository/workspaces/default/db  

Database Class Loader started - derby.database.classpath=''
----------------------------------------------------------------
2011-10-07 21:37:46.121 GMT:
 Booting Derby version The Apache Software Foundation - Apache Derby - 10.5.3.0 - (802917): instance b9810038-0132-e052-01aa-0000022ba438
on database directory /Users/mrhyde/Code/clojure/wolfskin/repository/repository/workspaces/security/db  

Database Class Loader started - derby.database.classpath=''

2011-10-07 21:37:47.092 GMT:
Shutting down instance 888c4022-0132-e052-01aa-0000022ba438
----------------------------------------------------------------

2011-10-07 21:37:47.139 GMT:
Shutting down instance b9810038-0132-e052-01aa-0000022ba438
----------------------------------------------------------------

2011-10-07 21:37:47.150 GMT:
Shutting down instance a816c00e-0132-e052-01aa-0000022ba438
----------------------------------------------------------------
